<?xml version="1.0" encoding="UTF-8"?>
<!-- Generated by org.testng.reporters.JUnitXMLReporter -->
<testsuite ignored="0" hostname="DellRajesh" failures="0" tests="4" name="Test" time="53.991" errors="0" timestamp="2022-05-24T14:25:58 IST">
  <testcase classname="pack01.TestCase01" name="myTest01" time="29.441"/>
  <testcase classname="pack01.TestCase02" name="myTest02" time="2.765"/>
  <testcase classname="pack01.TestCase03" name="myTest03" time="1.399"/>
  <testcase classname="pack01.DatePickerTest" name="datePicker" time="7.051"/>
</testsuite> <!-- Test -->
