<?xml version="1.0" encoding="UTF-8"?>
<!-- Generated by org.testng.reporters.JUnitXMLReporter -->
<testsuite hostname="DellRajesh" ignored="0" name="Test" tests="4" failures="0" timestamp="2022-05-24T12:31:11 IST" time="33.064" errors="0">
  <testcase name="myTest01" time="11.392" classname="pack01.TestCase01"/>
  <testcase name="myTest02" time="1.836" classname="pack01.TestCase02"/>
  <testcase name="myTest03" time="0.927" classname="pack01.TestCase03"/>
  <testcase name="datePicker" time="5.842" classname="pack01.DatePickerTest"/>
</testsuite> <!-- Test -->
