<?xml version="1.0" encoding="UTF-8"?>
<testng-results ignored="0" total="4" passed="4" failed="0" skipped="0">
  <reporter-output>
  </reporter-output>
  <suite started-at="2022-05-24T14:25:04 IST" name="Suite" finished-at="2022-05-24T14:25:58 IST" duration-ms="53991">
    <groups>
    </groups>
    <test started-at="2022-05-24T14:25:04 IST" name="Test" finished-at="2022-05-24T14:25:58 IST" duration-ms="53991">
      <class name="pack01.DatePickerTest">
        <test-method is-config="true" signature="beforeTestDatePicker()[pri:0, instance:pack01.DatePickerTest@172ca72b]" started-at="2022-05-24T14:25:04 IST" name="beforeTestDatePicker" finished-at="2022-05-24T14:25:09 IST" duration-ms="5105" status="PASS">
          <reporter-output>
          </reporter-output>
        </test-method> <!-- beforeTestDatePicker -->
        <test-method signature="datePicker()[pri:0, instance:pack01.DatePickerTest@172ca72b]" started-at="2022-05-24T14:25:50 IST" name="datePicker" finished-at="2022-05-24T14:25:57 IST" duration-ms="7051" status="PASS">
          <reporter-output>
          </reporter-output>
        </test-method> <!-- datePicker -->
        <test-method is-config="true" signature="afterTestDatePicker()[pri:0, instance:pack01.DatePickerTest@172ca72b]" started-at="2022-05-24T14:25:57 IST" name="afterTestDatePicker" finished-at="2022-05-24T14:25:57 IST" duration-ms="280" status="PASS">
          <reporter-output>
          </reporter-output>
        </test-method> <!-- afterTestDatePicker -->
      </class> <!-- pack01.DatePickerTest -->
      <class name="pack01.TestCase01">
        <test-method is-config="true" signature="beforeTest()[pri:0, instance:pack01.TestCase01@35beb15e]" started-at="2022-05-24T14:25:09 IST" name="beforeTest" finished-at="2022-05-24T14:25:12 IST" duration-ms="2143" status="PASS">
          <reporter-output>
          </reporter-output>
        </test-method> <!-- beforeTest -->
        <test-method signature="myTest01()[pri:0, instance:pack01.TestCase01@35beb15e]" started-at="2022-05-24T14:25:16 IST" name="myTest01" finished-at="2022-05-24T14:25:46 IST" duration-ms="29441" status="PASS">
          <reporter-output>
          </reporter-output>
        </test-method> <!-- myTest01 -->
        <test-method is-config="true" signature="afterTest01()[pri:0, instance:pack01.TestCase01@35beb15e]" started-at="2022-05-24T14:25:57 IST" name="afterTest01" finished-at="2022-05-24T14:25:58 IST" duration-ms="646" status="PASS">
          <reporter-output>
          </reporter-output>
        </test-method> <!-- afterTest01 -->
      </class> <!-- pack01.TestCase01 -->
      <class name="pack01.TestCase03">
        <test-method is-config="true" signature="beforeTest03()[pri:0, instance:pack01.TestCase03@1c98290c]" started-at="2022-05-24T14:25:14 IST" name="beforeTest03" finished-at="2022-05-24T14:25:16 IST" duration-ms="2398" status="PASS">
          <reporter-output>
          </reporter-output>
        </test-method> <!-- beforeTest03 -->
        <test-method signature="myTest03()[pri:0, instance:pack01.TestCase03@1c98290c]" started-at="2022-05-24T14:25:49 IST" name="myTest03" finished-at="2022-05-24T14:25:50 IST" duration-ms="1399" status="PASS">
          <reporter-output>
          </reporter-output>
        </test-method> <!-- myTest03 -->
        <test-method is-config="true" signature="afterTest03()[pri:0, instance:pack01.TestCase03@1c98290c]" started-at="2022-05-24T14:25:58 IST" name="afterTest03" finished-at="2022-05-24T14:25:58 IST" duration-ms="239" status="PASS">
          <reporter-output>
          </reporter-output>
        </test-method> <!-- afterTest03 -->
      </class> <!-- pack01.TestCase03 -->
      <class name="pack01.TestCase02">
        <test-method is-config="true" signature="Beforetest02()[pri:0, instance:pack01.TestCase02@2d10e0b1]" started-at="2022-05-24T14:25:12 IST" name="Beforetest02" finished-at="2022-05-24T14:25:14 IST" duration-ms="2225" status="PASS">
          <reporter-output>
          </reporter-output>
        </test-method> <!-- Beforetest02 -->
        <test-method signature="myTest02()[pri:0, instance:pack01.TestCase02@2d10e0b1]" started-at="2022-05-24T14:25:46 IST" name="myTest02" finished-at="2022-05-24T14:25:48 IST" duration-ms="2765" status="PASS">
          <reporter-output>
          </reporter-output>
        </test-method> <!-- myTest02 -->
        <test-method is-config="true" signature="afterTest02()[pri:0, instance:pack01.TestCase02@2d10e0b1]" started-at="2022-05-24T14:25:58 IST" name="afterTest02" finished-at="2022-05-24T14:25:58 IST" duration-ms="200" status="PASS">
          <reporter-output>
          </reporter-output>
        </test-method> <!-- afterTest02 -->
      </class> <!-- pack01.TestCase02 -->
    </test> <!-- Test -->
  </suite> <!-- Suite -->
</testng-results>
